<?xml version="1.0" encoding="UTF-8"?>
<!-- Generated by org.testng.reporters.JUnitXMLReporter -->
<testsuite ignored="2" hostname="DESKTOP-50MLDDI" failures="1" tests="23" name="Rabbyte Selenium" time="45.241" errors="0" timestamp="2023-01-09T17:24:26 MEZ">
  <testcase classname="selenium.tests.RegistrationInvalidBusiness" name="registrationFailCommonPassword" time="2.172"/>
  <testcase classname="selenium.tests.RegistrationInvalidBusiness" name="registrationFailEmail" time="0.917"/>
  <testcase classname="selenium.tests.RegistrationInvalidBusiness" name="registrationFailName" time="0.912">
    <failure type="java.lang.AssertionError">
      <![CDATA[java.lang.AssertionError
at org.junit.Assert.fail(Assert.java:87)
at org.junit.Assert.assertTrue(Assert.java:42)
at org.junit.Assert.assertTrue(Assert.java:53)
at selenium.tests.RegistrationInvalidBusiness.registrationFailName(RegistrationInvalidBusiness.java:45)
at java.base/java.util.ArrayList.forEach(ArrayList.java:1541)
at com.intellij.rt.testng.IDEARemoteTestNG.run(IDEARemoteTestNG.java:66)
at com.intellij.rt.testng.RemoteTestNGStarter.main(RemoteTestNGStarter.java:109)
... Removed 24 stack frames]]>
    </failure>
  </testcase> <!-- registrationFailName -->
  <testcase classname="selenium.tests.RegistrationInvalidBusiness" name="registrationFailPassword" time="0.956"/>
  <testcase classname="selenium.tests.RegistrationInvalidBusiness" name="registrationFailWrongFormat" time="1.081"/>
  <testcase classname="selenium.tests.RegistrationInvalidBusiness" name="registrationFailWrongFormat2" time="1.1"/>
  <testcase classname="selenium.tests.RegistrationInvalidBusiness" name="tabTest" time="0.308"/>
  <testcase classname="selenium.tests.RegistrationInvalidBusiness" name="titleHeadline" time="0.305"/>
  <testcase classname="selenium.tests.RegistrationInvalidStudent" name="registrationFailCommonPassword" time="1.621"/>
  <testcase classname="selenium.tests.RegistrationInvalidStudent" name="registrationFailEmail" time="0.841"/>
  <testcase classname="selenium.tests.RegistrationInvalidStudent" name="registrationFailName" time="0.866"/>
  <testcase classname="selenium.tests.RegistrationInvalidStudent" name="registrationFailPassword" time="0.837"/>
  <testcase classname="selenium.tests.RegistrationInvalidStudent" name="registrationFailWrongFormat" time="1.186"/>
  <testcase classname="selenium.tests.RegistrationInvalidStudent" name="registrationFailWrongFormat2" time="1.151"/>
  <testcase classname="selenium.tests.RegistrationInvalidStudent" name="tabTest" time="0.269"/>
  <testcase classname="selenium.tests.RegistrationInvalidStudent" name="titleHeadline" time="0.226"/>
  <testcase classname="selenium.tests.RegistrationValidBusiness" name="forwardRegTest" time="1.105"/>
  <testcase classname="selenium.tests.RegistrationValidBusiness" name="registrationCorrect" time="1.091"/>
  <testcase classname="selenium.tests.RegistrationValidBusiness" name="registrationCorrectFormat" time="1.07"/>
  <testcase classname="selenium.tests.RegistrationValidBusiness" name="tabTest" time="0.322"/>
  <testcase classname="selenium.tests.RegistrationValidStudent" name="forwardRegTest" time="3.032"/>
  <testcase classname="selenium.tests.RegistrationValidStudent" name="registrationCorrect" time="1.243"/>
  <testcase classname="selenium.tests.Tmp" name="test1" time="0.76"/>
  <testcase classname="selenium.tests.RegistrationValidStudent" name="registrationCorrectFormat" time="0.0">
    <ignored/>
  </testcase> <!-- registrationCorrectFormat -->
  <testcase classname="selenium.tests.RegistrationValidStudent" name="tabTest" time="0.0">
    <ignored/>
  </testcase> <!-- tabTest -->
</testsuite> <!-- Rabbyte Selenium -->
